2025-07-13 10:22:58,019 - __main__ - INFO - Starting Simple Intent Prediction System
2025-07-13 10:22:58,026 - __main__ - INFO - Configuration loaded from /home/intent-predictor/ha-intent-predictor/config/config.yaml
2025-07-13 10:22:58,027 - __main__ - INFO - Starting main application loop
2025-07-13 10:22:58,027 - __main__ - INFO - Initializing application
2025-07-13 10:22:58,031 - ha_client - INFO - Successfully connected to Home Assistant
2025-07-13 10:22:58,031 - __main__ - INFO - Creating output sensors in Home Assistant
2025-07-13 10:22:58,077 - __main__ - INFO - Training new models from scratch
2025-07-13 10:22:58,077 - __main__ - INFO - Starting initial training with historical data
2025-07-13 10:22:58,077 - __main__ - INFO - Fetching historical sensor data
2025-07-13 10:22:58,077 - ha_client - INFO - Fetching 180 days of historical data for 23 entities
2025-07-13 10:23:29,308 - ha_client - INFO - Retrieved 572520 historical records (including current states)
2025-07-13 10:23:29,368 - __main__ - INFO - Retrieved 572520 historical records
2025-07-13 10:23:29,369 - __main__ - INFO - Fitting feature engineering pipeline
2025-07-13 10:23:29,369 - advanced_feature_engine - INFO - Fitting advanced feature engineering pipeline with pattern analysis
2025-07-13 10:23:29,370 - advanced_feature_engine - INFO - Memory usage at Starting fit process: Process: 375.4MB, System: 17.9% (2.1GB used)
2025-07-13 10:23:29,688 - advanced_feature_engine - INFO - Processing 279831 sensor events for pattern analysis
2025-07-13 10:23:29,689 - advanced_feature_engine - INFO - Memory usage at After processing sensor events: Process: 376.6MB, System: 17.9% (2.1GB used)
2025-07-13 10:23:29,730 - advanced_feature_engine - INFO - Analyzing daily activity patterns
2025-07-13 10:23:39,364 - advanced_feature_engine - INFO - Analyzed 180 daily patterns
2025-07-13 10:23:39,371 - advanced_feature_engine - INFO - Memory usage at After daily pattern analysis: Process: 403.5MB, System: 18.1% (2.2GB used)
2025-07-13 10:23:39,410 - advanced_feature_engine - INFO - Analyzing sequence patterns
2025-07-13 10:23:39,410 - advanced_feature_engine - INFO - Limiting sequence analysis to most recent 30000 events (out of 279831)
2025-07-13 10:23:40,195 - advanced_feature_engine - INFO - Sampling 1000 sequences from 5001 for clustering
2025-07-13 10:23:40,206 - advanced_feature_engine - INFO - Found 16 sequence pattern clusters from 1000 sequences
2025-07-13 10:23:40,210 - advanced_feature_engine - INFO - Memory usage at After sequence pattern analysis: Process: 404.0MB, System: 18.1% (2.2GB used)
2025-07-13 10:23:40,257 - advanced_feature_engine - INFO - Analyzing behavioral signatures
2025-07-13 10:23:54,916 - advanced_feature_engine - INFO - Memory usage at After behavioral analysis: Process: 404.1MB, System: 18.1% (2.2GB used)
2025-07-13 10:23:54,916 - advanced_feature_engine - INFO - Advanced feature engineering pipeline fitted successfully
2025-07-13 10:23:54,924 - __main__ - INFO - Extracting features for training
2025-07-13 10:23:57,853 - __main__ - INFO - Sampling 15000 from 103409 event-driven time points
2025-07-13 10:23:57,890 - __main__ - INFO - Using 15000 time points for training
2025-07-13 10:23:57,890 - __main__ - INFO - Feature extraction progress: 0.0% (0/15000)
2025-07-13 10:24:05,040 - __main__ - INFO - Feature extraction progress: 0.7% (100/15000)
2025-07-13 10:24:11,799 - __main__ - INFO - Feature extraction progress: 1.3% (200/15000)
2025-07-13 10:24:18,759 - __main__ - INFO - Feature extraction progress: 2.0% (300/15000)
2025-07-13 10:24:27,446 - __main__ - INFO - Feature extraction progress: 2.7% (400/15000)
2025-07-13 10:24:33,535 - __main__ - INFO - Feature extraction progress: 3.3% (500/15000)
2025-07-13 10:24:40,649 - __main__ - INFO - Feature extraction progress: 4.0% (600/15000)
2025-07-13 10:24:48,166 - __main__ - INFO - Feature extraction progress: 4.7% (700/15000)
2025-07-13 10:24:54,758 - __main__ - INFO - Feature extraction progress: 5.3% (800/15000)
2025-07-13 10:25:02,128 - __main__ - INFO - Feature extraction progress: 6.0% (900/15000)
2025-07-13 10:25:09,710 - __main__ - INFO - Feature extraction progress: 6.7% (1000/15000)
2025-07-13 10:25:17,897 - __main__ - INFO - Feature extraction progress: 7.3% (1100/15000)
2025-07-13 10:25:24,931 - __main__ - INFO - Feature extraction progress: 8.0% (1200/15000)
2025-07-13 10:25:32,437 - __main__ - INFO - Feature extraction progress: 8.7% (1300/15000)
2025-07-13 10:25:39,768 - __main__ - INFO - Feature extraction progress: 9.3% (1400/15000)
2025-07-13 10:25:47,689 - __main__ - INFO - Feature extraction progress: 10.0% (1500/15000)
2025-07-13 10:25:54,727 - __main__ - INFO - Feature extraction progress: 10.7% (1600/15000)
2025-07-13 10:26:04,501 - __main__ - INFO - Feature extraction progress: 11.3% (1700/15000)
2025-07-13 10:26:12,335 - __main__ - INFO - Feature extraction progress: 12.0% (1800/15000)
2025-07-13 10:26:20,593 - __main__ - INFO - Feature extraction progress: 12.7% (1900/15000)
2025-07-13 10:26:30,164 - __main__ - INFO - Feature extraction progress: 13.3% (2000/15000)
2025-07-13 10:26:37,615 - __main__ - INFO - Feature extraction progress: 14.0% (2100/15000)
2025-07-13 10:26:45,026 - __main__ - INFO - Feature extraction progress: 14.7% (2200/15000)
2025-07-13 10:26:52,142 - __main__ - INFO - Feature extraction progress: 15.3% (2300/15000)
2025-07-13 10:27:01,163 - __main__ - INFO - Feature extraction progress: 16.0% (2400/15000)
2025-07-13 10:27:08,660 - __main__ - INFO - Feature extraction progress: 16.7% (2500/15000)
2025-07-13 10:27:15,964 - __main__ - INFO - Feature extraction progress: 17.3% (2600/15000)
2025-07-13 10:27:22,728 - __main__ - INFO - Feature extraction progress: 18.0% (2700/15000)
2025-07-13 10:27:31,205 - __main__ - INFO - Feature extraction progress: 18.7% (2800/15000)
2025-07-13 10:27:39,234 - __main__ - INFO - Feature extraction progress: 19.3% (2900/15000)
2025-07-13 10:27:46,696 - __main__ - INFO - Feature extraction progress: 20.0% (3000/15000)
2025-07-13 10:27:54,446 - __main__ - INFO - Feature extraction progress: 20.7% (3100/15000)
2025-07-13 10:28:03,474 - __main__ - INFO - Feature extraction progress: 21.3% (3200/15000)
2025-07-13 10:28:13,807 - __main__ - INFO - Feature extraction progress: 22.0% (3300/15000)
2025-07-13 10:28:24,446 - __main__ - INFO - Feature extraction progress: 22.7% (3400/15000)
2025-07-13 10:28:35,806 - __main__ - INFO - Feature extraction progress: 23.3% (3500/15000)
2025-07-13 10:28:44,685 - __main__ - INFO - Feature extraction progress: 24.0% (3600/15000)
2025-07-13 10:28:51,908 - __main__ - INFO - Feature extraction progress: 24.7% (3700/15000)
2025-07-13 10:29:01,330 - __main__ - INFO - Feature extraction progress: 25.3% (3800/15000)
2025-07-13 10:29:08,853 - __main__ - INFO - Feature extraction progress: 26.0% (3900/15000)
2025-07-13 10:29:17,181 - __main__ - INFO - Feature extraction progress: 26.7% (4000/15000)
2025-07-13 10:29:26,557 - __main__ - INFO - Feature extraction progress: 27.3% (4100/15000)
2025-07-13 10:29:34,435 - __main__ - INFO - Feature extraction progress: 28.0% (4200/15000)
2025-07-13 10:29:42,917 - __main__ - INFO - Feature extraction progress: 28.7% (4300/15000)
2025-07-13 10:29:50,965 - __main__ - INFO - Feature extraction progress: 29.3% (4400/15000)
2025-07-13 10:30:02,050 - __main__ - INFO - Feature extraction progress: 30.0% (4500/15000)
2025-07-13 10:30:11,987 - __main__ - INFO - Feature extraction progress: 30.7% (4600/15000)
2025-07-13 10:30:19,169 - __main__ - INFO - Feature extraction progress: 31.3% (4700/15000)
2025-07-13 10:30:28,449 - __main__ - INFO - Feature extraction progress: 32.0% (4800/15000)
2025-07-13 10:30:36,345 - __main__ - INFO - Feature extraction progress: 32.7% (4900/15000)
2025-07-13 10:30:43,838 - __main__ - INFO - Feature extraction progress: 33.3% (5000/15000)
2025-07-13 10:30:52,775 - __main__ - INFO - Feature extraction progress: 34.0% (5100/15000)
2025-07-13 10:31:01,854 - __main__ - INFO - Feature extraction progress: 34.7% (5200/15000)
2025-07-13 10:31:09,795 - __main__ - INFO - Feature extraction progress: 35.3% (5300/15000)
2025-07-13 10:31:18,954 - __main__ - INFO - Feature extraction progress: 36.0% (5400/15000)
2025-07-13 10:31:29,991 - __main__ - INFO - Feature extraction progress: 36.7% (5500/15000)
2025-07-13 10:31:38,448 - __main__ - INFO - Feature extraction progress: 37.3% (5600/15000)
2025-07-13 10:31:47,549 - __main__ - INFO - Feature extraction progress: 38.0% (5700/15000)
2025-07-13 10:31:58,062 - __main__ - INFO - Feature extraction progress: 38.7% (5800/15000)
2025-07-13 10:32:06,714 - __main__ - INFO - Feature extraction progress: 39.3% (5900/15000)
2025-07-13 10:32:14,389 - __main__ - INFO - Feature extraction progress: 40.0% (6000/15000)
2025-07-13 10:32:22,587 - __main__ - INFO - Feature extraction progress: 40.7% (6100/15000)
2025-07-13 10:32:32,570 - __main__ - INFO - Feature extraction progress: 41.3% (6200/15000)
2025-07-13 10:32:40,244 - __main__ - INFO - Feature extraction progress: 42.0% (6300/15000)
2025-07-13 10:32:48,454 - __main__ - INFO - Feature extraction progress: 42.7% (6400/15000)
2025-07-13 10:32:56,091 - __main__ - INFO - Feature extraction progress: 43.3% (6500/15000)
2025-07-13 10:33:05,866 - __main__ - INFO - Feature extraction progress: 44.0% (6600/15000)
2025-07-13 10:33:19,353 - __main__ - INFO - Feature extraction progress: 44.7% (6700/15000)
